0 info it worked if it ends with ok
1 verbose cli [ '/usr/bin/node',
1 verbose cli   '/usr/bin/npm',
1 verbose cli   'run',
1 verbose cli   'find-basepath-exists',
1 verbose cli   '[ReleasePR attestation] Dev attestation microsoft.attestation 2018 09 01 preview' ]
2 info using npm@3.5.2
3 info using node@v8.10.0
4 verbose run-script [ 'prefind-basepath-exists',
4 verbose run-script   'find-basepath-exists',
4 verbose run-script   'postfind-basepath-exists' ]
5 info lifecycle test_gh_action_pr_contains_name@1.0.0~prefind-basepath-exists: test_gh_action_pr_contains_name@1.0.0
6 silly lifecycle test_gh_action_pr_contains_name@1.0.0~prefind-basepath-exists: no script for prefind-basepath-exists, continuing
7 info lifecycle test_gh_action_pr_contains_name@1.0.0~find-basepath-exists: test_gh_action_pr_contains_name@1.0.0
8 verbose lifecycle test_gh_action_pr_contains_name@1.0.0~find-basepath-exists: unsafe-perm in lifecycle true
9 verbose lifecycle test_gh_action_pr_contains_name@1.0.0~find-basepath-exists: PATH: /usr/share/npm/bin/node-gyp-bin:/mnt/c/source_code/tests/test_gh_action_pr_contains_name/node_modules/.bin:/home/jcotillo/.local/bin:/home/jcotillo/bin:/home/jcotillo/.local/bin:/usr/bin:/home/jcotillo/.local/bin:/usr/local/sbin:/usr/local/bin:/usr/sbin:/usr/bin:/sbin:/bin:/usr/games:/usr/local/games:/mnt/c/Program Files (x86)/Microsoft SDKs/Azure/CLI2/wbin:/mnt/c/Python27/:/mnt/c/Python27/Scripts:/mnt/c/Program Files/Common Files/Microsoft Shared/Microsoft Online Services:/mnt/c/Program Files (x86)/Common Files/Microsoft Shared/Microsoft Online Services:/mnt/c/WINDOWS/system32:/mnt/c/WINDOWS:/mnt/c/WINDOWS/System32/Wbem:/mnt/c/WINDOWS/System32/WindowsPowerShell/v1.0/:/mnt/c/WINDOWS/System32/OpenSSH/:/mnt/c/Program Files/Git/cmd:/mnt/c/Program Files/Git/mingw64/bin:/mnt/c/Program Files/Git/usr/bin:/mnt/c/Program Files/Microsoft SQL Server/130/Tools/Binn/:/mnt/c/Program Files/dotnet/:/mnt/c/Program Files/Microsoft SQL Server/Client SDK/ODBC/170/Tools/Binn/:/mnt/c/nuget:/mnt/c/Program Files/Microsoft/Web Platform Installer/:/mnt/c/Program Files/Microsoft Service Fabric/bin/Fabric/Fabric.Code:/mnt/c/Program Files/Microsoft SDKs/Service Fabric/Tools/ServiceFabricLocalClusterManager:/mnt/c/Program Files/nodejs/:/mnt/c/ProgramData/chocolatey/bin:/mnt/c/Program Files (x86)/dotnet-core-uninstall/:/mnt/c/Go/bin:/mnt/c/Program Files/PowerShell/7-preview/preview:/mnt/c/Program Files/Docker/Docker/resources/bin:/mnt/c/ProgramData/DockerDesktop/version-bin:/mnt/c/Users/jcotillo/AppData/Local/CloudBuild:/mnt/c/Users/jcotillo/AppData/Local/CloudBuild:/mnt/c/Users/jcotillo/AppData/Local/Microsoft/WindowsApps:/mnt/c/Users/jcotillo/AppData/Local/Programs/Microsoft VS Code/bin:/mnt/c/Users/jcotillo/AppData/Roaming/npm:/mnt/c/Users/jcotillo/.dotnet/tools:/mnt/c/Users/jcotillo/go/bin:/mnt/c/Users/jcotillo/.dotnet/tools:/mnt/c/Users/jcotillo/AppData/Local/Microsoft/WindowsApps:/snap/bin
10 verbose lifecycle test_gh_action_pr_contains_name@1.0.0~find-basepath-exists: CWD: /mnt/c/source_code/tests/test_gh_action_pr_contains_name
11 silly lifecycle test_gh_action_pr_contains_name@1.0.0~find-basepath-exists: Args: [ '-c',
11 silly lifecycle   'ts-node name_exists_in_autogen "[ReleasePR attestation] Dev attestation microsoft.attestation 2018 09 01 preview"' ]
12 info lifecycle test_gh_action_pr_contains_name@1.0.0~find-basepath-exists: Failed to exec find-basepath-exists script
13 verbose stack Error: test_gh_action_pr_contains_name@1.0.0 find-basepath-exists: `ts-node name_exists_in_autogen "[ReleasePR attestation] Dev attestation microsoft.attestation 2018 09 01 preview"`
13 verbose stack spawn ENOENT
13 verbose stack     at ChildProcess.<anonymous> (/usr/share/npm/lib/utils/spawn.js:17:16)
13 verbose stack     at emitTwo (events.js:126:13)
13 verbose stack     at ChildProcess.emit (events.js:214:7)
13 verbose stack     at maybeClose (internal/child_process.js:925:16)
13 verbose stack     at Process.ChildProcess._handle.onexit (internal/child_process.js:209:5)
14 verbose pkgid test_gh_action_pr_contains_name@1.0.0
15 verbose cwd /mnt/c/source_code/tests/test_gh_action_pr_contains_name
16 error Linux 4.4.0-19041-Microsoft
17 error argv "/usr/bin/node" "/usr/bin/npm" "run" "find-basepath-exists" "[ReleasePR attestation] Dev attestation microsoft.attestation 2018 09 01 preview"
18 error node v8.10.0
19 error npm  v3.5.2
20 error file sh
21 error code ELIFECYCLE
22 error errno ENOENT
23 error syscall spawn
24 error test_gh_action_pr_contains_name@1.0.0 find-basepath-exists: `ts-node name_exists_in_autogen "[ReleasePR attestation] Dev attestation microsoft.attestation 2018 09 01 preview"`
24 error spawn ENOENT
25 error Failed at the test_gh_action_pr_contains_name@1.0.0 find-basepath-exists script 'ts-node name_exists_in_autogen "[ReleasePR attestation] Dev attestation microsoft.attestation 2018 09 01 preview"'.
25 error Make sure you have the latest version of node.js and npm installed.
25 error If you do, this is most likely a problem with the test_gh_action_pr_contains_name package,
25 error not with npm itself.
25 error Tell the author that this fails on your system:
25 error     ts-node name_exists_in_autogen "[ReleasePR attestation] Dev attestation microsoft.attestation 2018 09 01 preview"
25 error You can get information on how to open an issue for this project with:
25 error     npm bugs test_gh_action_pr_contains_name
25 error Or if that isn't available, you can get their info via:
25 error     npm owner ls test_gh_action_pr_contains_name
25 error There is likely additional logging output above.
26 verbose exit [ 1, true ]
